[2017-12-11 03:25:28.969603]: (-1) <registration_check_available_phone>: Entity '<class 'models.db.schema.User'>' has no property 'phone2'
[2017-12-11 03:25:39.910161]: (-1) <registration_check_available_phone>: Entity '<class 'models.db.schema.User'>' has no property 'phone2'
[2017-12-11 03:30:30.894061]: (-1) <registration_check_available_phone>: Entity '<class 'models.db.schema.User'>' has no property 'phone2'
[2017-12-11 03:30:53.646457]: (-1) <registration_check_available_phone>: Entity '<class 'models.db.schema.User'>' has no property 'phone2'
[2017-12-11 03:31:13.572109]: (-1) <registration_check_available_phone>: Entity '<class 'models.db.schema.User'>' has no property 'phone2'
[2017-12-11 03:32:06.566166]: (500) <registration_check_available_phone>: Entity '<class 'models.db.schema.User'>' has no property 'phone2'
[2017-12-11 03:32:19.780329]: (500) <registration_check_available_phone>: Entity '<class 'models.db.schema.User'>' has no property 'phone2'
[2017-12-11 03:42:05.724799]: (3) <registration_check_available_phone>: <class 'routes.api.tools.response_builder.Error'>
[2017-12-11 03:43:58.581703]: (3) <registration_check_available_phone>: <class 'routes.api.tools.response_builder.Error'>
[2017-12-11 03:44:42.950511]: (500) <registration_check_available_phone>: Entity '<class 'models.db.schema.User'>' has no property 'phone2'
[2017-12-11 03:47:03.071542]: (500) <registration_check_available_phone>: Entity '<class 'models.db.schema.User'>' has no property 'phone2'
[2017-12-11 03:48:50.401764]: (500) <registration_check_available_phone>: Entity '<class 'models.db.schema.User'>' has no property 'phone2'
[2017-12-11 04:43:02.851403]: (3) <registration_check_available_phone>: Missing required parameter 'phone'
[2017-12-11 05:10:18.508577]: (4) <registration_check_available_phone>: 
[2017-12-11 05:10:22.615570]: (4) <registration_check_available_phone>: 
[2017-12-11 05:10:23.244546]: (4) <registration_check_available_phone>: 
[2017-12-11 05:10:23.777430]: (4) <registration_check_available_phone>: 
[2017-12-11 05:10:24.662024]: (4) <registration_check_available_phone>: 
[2017-12-11 05:10:25.376497]: (4) <registration_check_available_phone>: 
[2017-12-11 23:52:00.372968]: (3) <registration_check_available_phone>: Missing required parameter 'phone'
[2017-12-11 23:52:07.418965]: (3) <registration_check_available_phone>: Missing required parameter 'phone'
[2017-12-11 23:52:23.407448]: (3) <registration_check_available_phone>: Missing required parameter 'phone'
[2017-12-11 23:53:56.890522]: (3) <registration_check_available_phone>: Missing required parameter 'phone'
[2017-12-11 23:54:11.216701]: (3) <registration_check_available_phone>: Missing required parameter 'phone'
[2017-12-12 00:17:56.918508]: (3) <registration_check_available_phone>: Missing required parameter 'phone'
[2017-12-15 04:48:44.833151]: check_available_phone (1) module 'db.schema' has no attribute 'User'
[2017-12-15 04:48:47.940526]: check_available_phone (1) module 'db.schema' has no attribute 'User'
[2017-12-16 01:21:34.491254]:(500) fun1 | fun1() missing 1 required positional argument: 'args'
[2017-12-16 01:22:02.007210]:(500) fun1 | fun1() missing 1 required positional argument: 'args'
[2017-12-16 01:22:08.901747]:(500) fun1 | fun1() missing 1 required positional argument: 'args'
[2017-12-16 05:29:14.996640]:(500) logic | 'NoneType' object is not subscriptable
[2017-12-16 05:39:04.376986]:(4) 
[2017-12-16 05:39:07.349056]:(4) 
[2017-12-16 05:46:53.964371]:(3) Missing required parameter 'secret_key'
[2017-12-16 05:47:05.121922]:(3) Parameter 'password' contains non-valid characters 
[2017-12-16 05:47:24.369082]:(3) Parameter 'password' contains non-valid characters 
[2017-12-16 05:47:27.122244]:(3) Parameter 'password' contains non-valid characters 
[2017-12-16 05:52:32.598909]:(500) logic | (psycopg2.IntegrityError) ОШИБКА:  повторяющееся значение ключа нарушает ограничение уникальности "entry_point_phone_key"
DETAIL:  Ключ "(phone)=(79128404502)" уже существует.
 [SQL: 'INSERT INTO entry_point (phone, password, date_request) VALUES (%(phone)s, %(password)s, %(date_request)s) RETURNING entry_point.code'] [parameters: {'phone': '79128404502', 'password': '75deabaa4c1630ef1e571ea76a903946aa0be2552d1dcdbfd61c643e0cb0cdf4', 'date_request': datetime.datetime(2017, 12, 16, 5, 52, 32, 559381)}]
[2017-12-16 05:54:28.495545]:(7) 
[2017-12-16 06:25:29.163313]:(3) Parameter 'secret_key' contains non-valid characters 
[2017-12-16 07:46:51.131728]:(500) logic | 'NoneType' object is not subscriptable
[2017-12-16 08:05:19.559381]:(500) logic | 'RegistrationSession' object is not subscriptable
[2017-12-16 08:12:41.149088]:(500) logic | (psycopg2.ProgrammingError) ОШИБКА:  колонка entry_point.date_create не существует
LINE 1: ...ne, entry_point.password AS entry_point_password, entry_poin...
                                                             ^
 [SQL: 'SELECT entry_point.code AS entry_point_code, entry_point.phone AS entry_point_phone, entry_point.password AS entry_point_password, entry_point.date_create AS entry_point_date_create \nFROM entry_point \nWHERE entry_point.phone = %(phone_1)s \n LIMIT %(param_1)s'] [parameters: {'phone_1': '79128404502', 'param_1': 1}]
[2017-12-16 08:12:54.944795]:(500) logic | (psycopg2.ProgrammingError) ОШИБКА:  колонка entry_point.date_create не существует
LINE 1: ...ne, entry_point.password AS entry_point_password, entry_poin...
                                                             ^
 [SQL: 'SELECT entry_point.code AS entry_point_code, entry_point.phone AS entry_point_phone, entry_point.password AS entry_point_password, entry_point.date_create AS entry_point_date_create \nFROM entry_point \nWHERE entry_point.phone = %(phone_1)s \n LIMIT %(param_1)s'] [parameters: {'phone_1': '79128404502', 'param_1': 1}]
[2017-12-16 22:29:23.018555]:(500) logic | Expecting value: line 1 column 1 (char 0)
[2017-12-17 17:12:28.066240]:(500) logic | 'list' object has no attribute 'delete'
[2017-12-17 17:20:24.759780]:(500) logic | 'list' object has no attribute 'delete'
[2017-12-17 17:21:04.215434]:(500) logic | 'list' object has no attribute 'delete'
[2017-12-21 04:15:24.620271]:(500) logic | 'device_type'
[2017-12-21 04:15:39.090890]:(500) logic | 'device_type'
[2017-12-21 04:24:09.541699]:(500) logic | (psycopg2.ProgrammingError) ОШИБКА:  колонка access_session.expires_in не существует
LINE 1: ...e_device_type AS access_session_code_device_type, access_ses...
                                                             ^
 [SQL: 'SELECT access_session.code AS access_session_code, access_session.code_entry_point AS access_session_code_entry_point, access_session.code_device_type AS access_session_code_device_type, access_session.expires_in AS access_session_expires_in, access_session.date_create AS access_session_date_create, access_session.token AS access_session_token, access_session.ip AS access_session_ip \nFROM access_session \nWHERE access_session.token = %(token_1)s \n LIMIT %(param_1)s'] [parameters: {'token_1': 'c46e082208ffeed302d364716a6f005a84f472eedd2fa0cdaed7661d267017c21ac96214e6f2256fab3df29d7ddc7dc51b820f5d6975f41fc603fe817c7d3825', 'param_1': 1}]
[2017-12-21 04:33:21.428015]:(500) logic | (psycopg2.DataError) ОШИБКА:  значение не умещается в тип character varying(64)
 [SQL: 'INSERT INTO access_session (code_entry_point, code_device_type, expires_in, date_create, token, ip) VALUES (%(code_entry_point)s, %(code_device_type)s, %(expires_in)s, %(date_create)s, %(token)s, %(ip)s) RETURNING access_session.code'] [parameters: {'code_entry_point': 1, 'code_device_type': 1, 'expires_in': 3600, 'date_create': datetime.datetime(2017, 12, 21, 4, 33, 21, 378287), 'token': '0e658d245815b6ac605955a1a8f399627eeb9946ef8adaef0226aabcb72d6f9137c734918fb72b57de0fbbe5c11f33e91f85f5725955f9f567a8966ee4b2258b', 'ip': '127.0.0.1'}]
[2017-12-21 04:38:06.488801]:(500) logic | (psycopg2.DataError) ОШИБКА:  значение не умещается в тип character varying(64)
 [SQL: 'INSERT INTO access_session (code_entry_point, code_device_type, expires_in, date_create, token, ip) VALUES (%(code_entry_point)s, %(code_device_type)s, %(expires_in)s, %(date_create)s, %(token)s, %(ip)s) RETURNING access_session.code'] [parameters: {'code_entry_point': 1, 'code_device_type': 1, 'expires_in': 3600, 'date_create': datetime.datetime(2017, 12, 21, 4, 34, 7, 217008), 'token': 'c6a9d02e65e0109798754e37ac39ccee730ade7cd7f2af77830daaef472080e76d24c1cf3fd40f36db242a6c7d5f79ed5f7d4d29e07a7de2944b09b375385625', 'ip': '127.0.0.1'}]
[2017-12-21 04:42:44.800632]:(500) logic | (psycopg2.IntegrityError) ОШИБКА:  нулевое значение в колонке "code" нарушает ограничение NOT NULL
DETAIL:  Ошибочная строка содержит (null, 1, 1, 3600, 2017-12-21 04:42:44.786621, b5e9c9045224b1f8d7c514bd83514d03096c4aa4c3a74db2b26221d7fa9de062..., 127.0.0.1).
 [SQL: 'INSERT INTO access_session (code_entry_point, code_device_type, expires_in, date_create, token, ip) VALUES (%(code_entry_point)s, %(code_device_type)s, %(expires_in)s, %(date_create)s, %(token)s, %(ip)s) RETURNING access_session.code'] [parameters: {'code_entry_point': 1, 'code_device_type': 1, 'expires_in': 3600, 'date_create': datetime.datetime(2017, 12, 21, 4, 42, 44, 786621), 'token': 'b5e9c9045224b1f8d7c514bd83514d03096c4aa4c3a74db2b26221d7fa9de062c68783802a7fffe64bd85781169f9d29cecfe678b04f61949d7e2a05af4141a4', 'ip': '127.0.0.1'}]
